# Logfile created on 2012-01-26 20:22:32 -0500 by logger.rb/31641
  [1m[36m (10.0ms)[0m  [1mselect sqlite_version(*)[0m
  [1m[35m (110.0ms)[0m  CREATE TABLE "zoos" ("id" INTEGER PRIMARY KEY AUTOINCREMENT NOT NULL, "name" varchar(255)) 
  [1m[36m (110.0ms)[0m  [1mCREATE TABLE "monkies" ("id" INTEGER PRIMARY KEY AUTOINCREMENT NOT NULL, "name" varchar(255)) [0m
  [1m[35m (140.0ms)[0m  CREATE TABLE "bears" ("id" INTEGER PRIMARY KEY AUTOINCREMENT NOT NULL, "name" varchar(255)) 
  [1m[36m (150.0ms)[0m  [1mCREATE TABLE "birds" ("id" INTEGER PRIMARY KEY AUTOINCREMENT NOT NULL, "name" varchar(255)) [0m
  [1m[35m (150.0ms)[0m  CREATE TABLE "zoo_animals" ("id" INTEGER PRIMARY KEY AUTOINCREMENT NOT NULL, "zoo_id" integer, "animal_id" integer, "animal_type" varchar(255)) 
  [1m[36m (140.0ms)[0m  [1mCREATE TABLE "schema_migrations" ("version" varchar(255) NOT NULL) [0m
  [1m[35m (0.0ms)[0m  PRAGMA index_list("schema_migrations")
  [1m[36m (130.0ms)[0m  [1mCREATE UNIQUE INDEX "unique_schema_migrations" ON "schema_migrations" ("version")[0m
  [1m[35m (0.0ms)[0m  SELECT version FROM "schema_migrations"
  [1m[36m (130.0ms)[0m  [1mINSERT INTO "schema_migrations" (version) VALUES ('0')[0m
  [1m[36m (20.0ms)[0m  [1mselect sqlite_version(*)[0m
  [1m[35m (100.0ms)[0m  DROP TABLE "zoos"
  [1m[36m (110.0ms)[0m  [1mCREATE TABLE "zoos" ("id" INTEGER PRIMARY KEY AUTOINCREMENT NOT NULL, "name" varchar(255)) [0m
  [1m[35m (110.0ms)[0m  DROP TABLE "monkies"
  [1m[36m (110.0ms)[0m  [1mCREATE TABLE "monkies" ("id" INTEGER PRIMARY KEY AUTOINCREMENT NOT NULL, "name" varchar(255)) [0m
  [1m[35m (130.0ms)[0m  DROP TABLE "bears"
  [1m[36m (160.0ms)[0m  [1mCREATE TABLE "bears" ("id" INTEGER PRIMARY KEY AUTOINCREMENT NOT NULL, "name" varchar(255)) [0m
  [1m[35m (170.0ms)[0m  DROP TABLE "birds"
  [1m[36m (120.0ms)[0m  [1mCREATE TABLE "birds" ("id" INTEGER PRIMARY KEY AUTOINCREMENT NOT NULL, "name" varchar(255)) [0m
  [1m[35m (120.0ms)[0m  DROP TABLE "zoo_animals"
  [1m[36m (130.0ms)[0m  [1mCREATE TABLE "zoo_animals" ("id" INTEGER PRIMARY KEY AUTOINCREMENT NOT NULL, "zoo_id" integer, "animal_id" integer, "animal_type" varchar(255)) [0m
  [1m[35m (0.0ms)[0m  SELECT version FROM "schema_migrations"
  [1m[36m (10.0ms)[0m  [1mselect sqlite_version(*)[0m
  [1m[35m (100.0ms)[0m  DROP TABLE "zoos"
  [1m[36m (110.0ms)[0m  [1mCREATE TABLE "zoos" ("id" INTEGER PRIMARY KEY AUTOINCREMENT NOT NULL, "name" varchar(255)) [0m
  [1m[35m (120.0ms)[0m  DROP TABLE "monkies"
  [1m[36m (120.0ms)[0m  [1mCREATE TABLE "monkies" ("id" INTEGER PRIMARY KEY AUTOINCREMENT NOT NULL, "name" varchar(255)) [0m
  [1m[35m (140.0ms)[0m  DROP TABLE "bears"
  [1m[36m (130.0ms)[0m  [1mCREATE TABLE "bears" ("id" INTEGER PRIMARY KEY AUTOINCREMENT NOT NULL, "name" varchar(255)) [0m
  [1m[35m (120.0ms)[0m  DROP TABLE "birds"
  [1m[36m (130.0ms)[0m  [1mCREATE TABLE "birds" ("id" INTEGER PRIMARY KEY AUTOINCREMENT NOT NULL, "name" varchar(255)) [0m
  [1m[35m (120.0ms)[0m  DROP TABLE "zoo_animals"
  [1m[36m (130.0ms)[0m  [1mCREATE TABLE "zoo_animals" ("id" INTEGER PRIMARY KEY AUTOINCREMENT NOT NULL, "zoo_id" integer, "animal_id" integer, "animal_type" varchar(255)) [0m
  [1m[35m (0.0ms)[0m  SELECT version FROM "schema_migrations"
  [1m[36m (10.0ms)[0m  [1mselect sqlite_version(*)[0m
  [1m[35m (90.0ms)[0m  DROP TABLE "zoos"
  [1m[36m (100.0ms)[0m  [1mCREATE TABLE "zoos" ("id" INTEGER PRIMARY KEY AUTOINCREMENT NOT NULL, "name" varchar(255)) [0m
  [1m[35m (120.0ms)[0m  DROP TABLE "monkies"
  [1m[36m (110.0ms)[0m  [1mCREATE TABLE "monkies" ("id" INTEGER PRIMARY KEY AUTOINCREMENT NOT NULL, "name" varchar(255)) [0m
  [1m[35m (120.0ms)[0m  DROP TABLE "bears"
  [1m[36m (120.0ms)[0m  [1mCREATE TABLE "bears" ("id" INTEGER PRIMARY KEY AUTOINCREMENT NOT NULL, "name" varchar(255)) [0m
  [1m[35m (120.0ms)[0m  DROP TABLE "birds"
  [1m[36m (170.0ms)[0m  [1mCREATE TABLE "birds" ("id" INTEGER PRIMARY KEY AUTOINCREMENT NOT NULL, "name" varchar(255)) [0m
  [1m[35m (120.0ms)[0m  DROP TABLE "zoo_animals"
  [1m[36m (130.0ms)[0m  [1mCREATE TABLE "zoo_animals" ("id" INTEGER PRIMARY KEY AUTOINCREMENT NOT NULL, "zoo_id" integer, "animal_id" integer, "animal_type" varchar(255)) [0m
  [1m[35m (0.0ms)[0m  SELECT version FROM "schema_migrations"
